[   0.0000Intialzi croup suyspuse
  0.0000 Iitializing cgroup subsyscp
[   0.00000] Itiizing grp subsys cpuacct
[    0.000000] Linuxveio4.4.0-103-generic (buildd@lcy01-amd64-001) (gcc version 5.4.0 20160609 (Ubuntu 5.4.0-6ubuntu1~1604.5) ) #16-unu SMP Mon Dec 4 16:23:28 UTC 2017 (Ubuntu 4.4.0-103.126-generic 4.4.98)
[    0.000000] Command line: BOOT_IMAGE=/boot/vmlinuz-4.4.0-103-generic root=LABEL=cloudimg-rootfs ro console=tty1 console=ttS0[    00000] KERNEL suppotedcpus
  0.000000  tel nueInt
    0.00000  MD AuthenticAMD
[   0000  enaur enuruls
[  .00000] 6/pu: stteffset2] 56,xsatsizes[2]:  256
[    0.000000] x86/fpu: Supporting XSAVE feature 0x01: 'x87 floating point registers'
[    0000000]86fpu:uprting XSAVEfeur0x02: SSreistes'
[    .0000] x86fp SuporngXSVEeare 004:'A regsts'
[    0.00000] x86/fp: naedstte ftus x7, contextsize is 832 bytes, using 'standard' format.
[    0.000000] x86/fpu: Using az' PU contextswchs.
  0.0000] 20 BIO-pvied pysalRAM ma:    0.000]IOS-82 [em 0x000000000000-0x00000009bff] usable
[    0.000000] BIOS-e820: [mem 0x000000000009fc00-0x000000000009ffff] reserved
[   .00000] OS820:[m 00000000000000x0000000fff] resved
[    0.00000]BIOSe820[mm x0000010000-00000003feff] usable
[  .00000] OSe820: [mem 0x000000003fff0000-0x000000003fffffff] ACPI data
[    0.000000] BIOS-e820: [mem 0x00000000fec00000-0x00000000fec00fff] reserved
[    0.000000] BIOS-e820: [mem 0x00000000fee00000-0x00000000fee00fff] reserved
[    0.0000 BIOS-82 [em 00000fffc000-000000fffff] rseed
[  00000] NX (Execute Disable) protection: active
[    0.000000] SMBIOS 2.5 present.
[    0.000000] Hypervisor detected: KVM
[    0.000000] e820: last_pfn = 0x3fff0 max_arch_pfn = 0x00000
[  000000] MTRR: Disabled
[    0.0000] 6/AT: TRRs disabled, skippg AT iitliation too.
[    0.000000] CPU MTRRs all blank - virtualized system
    0.00000] x/PT:Configuraio[07]: B T UC-     WT U U  
[  0.00000] ou SP MPab at [mem 0x0009fff0-0x0009ffff] mapped at [ffff88000009fff0]
[    0.000000] Scanning 1 areas for low memory corruption
[    0.000000] RAMDISK: [mem 0x36adc000-0x37565fff]
[    0.000000] ACPI: Early table checksum verificaion dsaed
[  00000] PI RSDP 0x00000000000E0000 000024 (v02 VBOX )[    0.0000] ACPI: XSDT 0x000000003FFF0030 00003C (v01 VBOX   VBOXXSD000001 AS 00000)
[    0000] AC: CP 0x00003FFF00F0 0000F4 (v4 OX  VBOXFACP 00000001 ASL  00000061)
[    0.000000] ACPI: DSDT 0x000000003FFF0470 0021FF (v02 VBOX   VBOXBIOS 00000002 INTL 20100528)
[    0.000000] ACPI: FACS 0x0000000FFF0200 000040
[    0.000000] ACPI: FACS 0x0000000FF200 00040[    0.000000] ACPI: APIC 0x000000003FFF0240 00005C (v02 VBOX   VBOXAC 000001 AS  00000061)
[    0.000000] ACPI: SSDT 0x000000003FFF02A0 0001CC (v01 VBOX   VBOXCPUT 00000002 INTL 201008)
[   0000] No NUMA conigatonfound
[    0.000000] Faking a node at [mem 0x0000000000000000-0x000000003ffeffff]
[    0.000000] NODE_DATA(0) allocated [mem 0x3ffeb000-0x3ffeffff]
[    0.000000] kvm-lo: Usi msr 464d01 andd 4b564d00
[    0.000000] kvm-clock: cpu 0, msr 0:3ffe3001, prma cu clk[    0.000000] kvm-clock: using sched offset of 3493043716 cycles
[    0.000000] clocksource: kvm-clock: mask: 0xffffffffffffffff max_cycles: 0x1cd42e4dffb, mx_lens: 881590548ns
[    0.000000] Zone ranges:
[    0.000000]   DMA      [[mem 0x000000001000x000000fff
[   .0000]   DM2  [me 000000000000-0x00000003fefff]
[    000000]  Nomal emp
   0.000]  Devic  pty
[   0.000] Movblzoe strtoreach noe    .000] Eay emrynoe ngs  0.00000] nde  0:[m 0x0000000000001000-0x000000000009efff]
[   0.0000] node   0 [m 0x000000100000-0x000000003ffeffff]
[    0.000000] Initmem setupnod0 em0x0000000001000-0000003ffefff]    .000] ACI:M-imr  Pt: 0x48[   0.000] IOAPIC[0]: apic_id, rsion 2,ddess fe0000 G 023
[   00000]AC: T_SRC_VRbu 0 bs_q 0lobal_rq dl df)   0.00000ACI: I_S_OVR(bus  bus_irq 9 globa_irq9 owevl)
[  00000] sig CPI (MA) r MPcoigratin fomation
[  .00000] pbot: Alwig 2 CPUs, 0 hotplug CPUs
[    0.000000] PM: Registered nosave memory: mem 0x00000000-0x00000fff]
[  00000] M:egsterednovememoy:mem 0x0009f000-0x009ffff
  0.0000 P: Reisre nosveemry: me 0x00a00000x00ffff
  0.0000 P Regiser nsave memory: emx00f000x0ffff]
[    0000000] 82 [em0x000000-0xfebfffff] available for PCI devices
[    0.000000] Booting paravirtualized kernel on KVM
[    0.000000] clocksource rfine-jffs:mask0xffffff max_cycles: xffff, maxid_n: 765560211568 s    0.000]setu_pcp: NR_CS:12 nr_puskbits:5 ncp_idds:2 nr_node_ids:1
[    0.000000] PERCPU: Embedded 33 pages/cpu @ffff88003fc00000 s98200 r8192 d28776 u1048576
[    0.000000] PV qspinlock hash table entries: 256 (rdr: 0, 496yts)
   000000]Bult znelitsn ode oermobiliy oung on. Ttapages:2591
[   00000 Polic ze:DMA3
[  0.00000] rnl comman le:BOT_AGE=/bootmlinz-4.-103-gnec ot=LBEcludim-rtfro cnse=ty1 cosole=tyS
[   .0000] P hshtabe trs: 409 (de: 3,328 ytes
[    0.000000] Memory: 1001780K/1048120K available (8485K kernel code, 1295K wdata,3988K rodata, 192init 136Kbss, 463K servd,K ma-rseed

[  .0000] SL: align=64, Orer-3, MinObjects=0, CPUs=2, Nodes=1
[    0.000000] Hierarchical RCU implementation.
[    0.00000	Buid-meadjustenof leaf fanout to 64.
[   .000 	RC rtrictin CUs rom NCP=512 to nr_cpu_ids=2.
[    0.000000] RCU: Adjusting geometry for rcu_fanout_leaf=64, r_u_ds=2
  0.0000] _IQS:3024 nr_irqs:440 6[    00000 Conol colour VGA+ 8025
[    0000] coso [ty1] enabled
[    0.000000] console [ttyS0] enabled
[    0.00000 t: etected 2304.000 MHz processor
[   13.465644] Calibrating delay loop (skipped) preset value.. 4608.00 BogoMIPS (lpj=9216000)
[   13.554233] pid_max: default: 32768 minimum: 301
[   13.555081] ACPI: Core revision 20150930
[   13.570026] ACPI: 2 ACPI AML tables successfully acquired and loaded
[   13.651791] Security Framework initialized
[   13.716033] Yama: becoming mindful.
[   13.745718] AppArmor: AppArmor initialized
[   13.817735] Dentry cache hash table entries: 131072 (order: 8, 1048576 bytes)
[   13.920546] Inode-cache hash table entries: 65536 (order: 7, 524288 bytes)
[   14.045918] Mount-cache hash table entries: 2048 (order: 2, 16384 bytes)
[   14.120769] Mountpoint-cache hash table entries: 2048 (order: 2, 16384 bytes)
[   14.237710] Initializing cgroup subsys io
[   14.309960] Initializing cgroup subsys memory
[   14.340688] Initializing cgroup subsys devices
[   14.384143] Initializing cgroup subsys freezer
[   14.384959] Initializing cgroup subsys net_cls
[   14.416877] Initializing cgroup subsys perf_event
[   14.417736] Initializing cgroup subsys net_prio
[   14.418563] Initializing cgroup subsys hugetlb
[   14.492565] Initializing cgroup subsys pids
[   14.564499] CPU: Physical Processor ID: 0
[   14.622746] CPU: Processor Core ID: 0
[   14.693818] mce: CPU supports 0 MCE banks
[   14.708038] Last level iTLB entries: 4KB 64, 2MB 8, 4MB 8
[   14.709015] Last level dTLB entries: 4KB 64, 2MB 0, 4MB 0, 1GB 4
[   14.745817] Freeing SMP alternatives memory: 32K
[   14.785770] ftrace: allocating 32158 entries in 126 pages
[   14.905005] smpboot: APIC(0) Converting physical 0 to logical package 0
[   14.972664] smpboot: Max logical packages: 1
[   15.044563] x2apic enabled
[   15.098312] Switched APIC routing to physical x2apic.
[   15.173254] ..TIMER: vector=0x30 apic1=0 pin1=2 apic2=-1 pin2=-1
[   15.335711] smpboot: CPU0: Intel(R) Core(TM) i5-7360U CPU @ 2.30GHz (family: 0x6, model: 0x8e, stepping: 0x9)
[   15.480504] Performance Events: unsupported p6 CPU model 142 no PMU driver, software events only.
[   15.620339] KVM setup paravirtual spinlock
[   15.693039] x86: Booting SMP configuration:
[   15.720097] .... node  #0, CPUs:      #1
[   15.793868] kvm-clock: cpu 1, msr 0:3ffe3041, secondary cpu clock
[   15.799576] mce: CPU supports 0 MCE banks
[   15.806061] x86: Booted up 1 node, 2 CPUs
[   15.853436] smpboot: Total of 2 processors activated (9216.00 BogoMIPS)
[   15.933560] devtmpfs: initialized
[   15.984285] evm: security.selinux
[   16.036149] evm: security.SMACK64
[   16.072089] evm: security.SMACK64EXEC
[   16.106616] evm: security.SMACK64TRANSMUTE
[   16.159670] evm: security.SMACK64MMAP
[   16.195957] evm: security.ima
[   16.239769] evm: security.capability
[   16.284931] clocksource: jiffies: mask: 0xffffffff max_cycles: 0xffffffff, max_idle_ns: 7645041785100000 ns
[   16.384103] futex hash table entries: 512 (order: 3, 32768 bytes)
[   16.423470] pinctrl core: initialized pinctrl subsystem
[   16.495221] RTC time: 13:28:45, date: 12/13/17
[   16.498172] NET: Registered protocol family 16
[   16.524347] cpuidle: using governor ladder
[   16.556300] cpuidle: using governor menu
[   16.562715] PCCT header not found.
[   16.565382] ACPI: bus type PCI registered
[   16.588111] acpiphp: ACPI Hot Plug PCI Controller Driver version: 0.5
[   16.595070] PCI: Using configuration type 1 for base access
[   16.609565] ACPI: Added _OSI(Module Device)
[   16.634792] ACPI: Added _OSI(Processor Device)
[   16.662583] ACPI: Added _OSI(3.0 _SCP Extensions)
[   16.665248] ACPI: Added _OSI(Processor Aggregator Device)
[   16.696819] ACPI: Executed 1 blocks of module-level executable AML code
[   16.712602] ACPI: Interpreter enabled
[   16.749714] ACPI: (supports S0 S5)
[   16.750493] ACPI: Using IOAPIC for interrupt routing
[   16.751579] PCI: Using host bridge windows from ACPI; if necessary, use "pci=nocrs" and report a bug
[   16.775420] ACPI: PCI Root Bridge [PCI0] (domain 0000 [bus 00-ff])
[   16.787636] acpi PNP0A03:00: _OSC: OS supports [ASPM ClockPM Segments MSI]
[   16.799790] acpi PNP0A03:00: _OSC: not requesting OS control; OS requires [ExtendedConfig ASPM ClockPM MSI]
[   16.801665] acpi PNP0A03:00: fail to add MMCONFIG information, can't access extended PCI configuration space under this bridge.
[   16.856469] PCI host bridge to bus 0000:00
[   16.896146] pci_bus 0000:00: root bus resource [io  0x0000-0x0cf7 window]
[   16.988671] pci_bus 0000:00: root bus resource [io  0x0d00-0xffff window]
[   16.996838] pci_bus 0000:00: root bus resource [mem 0x000a0000-0x000bffff window]
[   17.070932] pci_bus 0000:00: root bus resource [mem 0x40000000-0xfdffffff window]
[   17.162528] pci_bus 0000:00: root bus resource [bus 00-ff]
[   17.206107] pci 0000:00:01.1: legacy IDE quirk: reg 0x10: [io  0x01f0-0x01f7]
[   17.295920] pci 0000:00:01.1: legacy IDE quirk: reg 0x14: [io  0x03f6]
[   17.379819] pci 0000:00:01.1: legacy IDE quirk: reg 0x18: [io  0x0170-0x0177]
[   17.391442] pci 0000:00:01.1: legacy IDE quirk: reg 0x1c: [io  0x0376]
[   17.405281] pci 0000:00:07.0: quirk: [io  0x4000-0x403f] claimed by PIIX4 ACPI
[   17.471911] pci 0000:00:07.0: quirk: [io  0x4100-0x410f] claimed by PIIX4 SMB
[   17.569479] ACPI: PCI Interrupt Link [LNKA] (IRQs 5 9 10 *11)
[   17.654671] ACPI: PCI Interrupt Link [LNKB] (IRQs 5 9 *10 11)
[   17.711439] ACPI: PCI Interrupt Link [LNKC] (IRQs 5 *9 10 11)
[   17.784329] ACPI: PCI Interrupt Link [LNKD] (IRQs 5 9 10 *11)
[   17.870487] ACPI: Enabled 2 GPEs in block 00 to 07
[   17.920536] vgaarb: setting as boot device: PCI:0000:00:02.0
[   17.960466] vgaarb: device added: PCI:0000:00:02.0,decodes=io+mem,owns=io+mem,locks=none
[   18.012905] vgaarb: loaded
[   18.042297] vgaarb: bridge control possible 0000:00:02.0
[   18.139143] SCSI subsystem initialized
[   18.188950] ACPI: bus type USB registered
[   18.196571] usbcore: registered new interface driver usbfs
[   18.270254] usbcore: registered new interface driver hub
[   18.312778] usbcore: registered new device driver usb
[   18.359037] PCI: Using ACPI for IRQ routing
[   18.366562] NetLabel: Initializing
[   18.385163] NetLabel:  domain hash size = 128
[   18.387096] NetLabel:  protocols = UNLABELED CIPSOv4
[   18.398113] NetLabel:  unlabeled traffic allowed by default
[   18.415789] amd_nb: Cannot enumerate AMD northbridges
[   18.420183] clocksource: Switched to clocksource kvm-clock
[   1439069] AppArmor: AppArmor Filesystem Enabled
[  1.511 p: P CPin
[  18.854197] pnp: PnP ACPI: found 3 devices

[   18.918003] clocksource: acpi_pm: mask: 0xffffff max_cycles: 0xffffff, max_idle_ns: 2085701024 ns
[   18.924415] NET: Registered protocol family 2
[   18.926387] TCP established hash table entries: 8192 (order: 4, 65536 bytes)
[   18.930016] TCP bind hash table entries: 8192 (order: 5, 131072 bytes)
[   18.931616] TCP: Hash tables configured (established 8192 bind 8192)
[  18.934356] UDP hash tabl entries: 512 (order: 2, 16384 bytes)
[   19.004139] UDP-Lite hash table entries: 512 (order: 2, 16384 bytes)
[  19.005428] NET: Registered protocol family 1
[  19.036686] pci 0000:00:00.0: Limiting direct PCI/PCI transfers
[   19.070220] pci 0000:00:01.0: Activating ISA DMA hang workarounds

[   19.073277] Unpacking initramfs...
[   20.607888] Freeing initrd memory: 10792K
[   0.6555] laorrtcm: gier ptfrmTCeve o P vi fun
[   1.9665Scnng orowmeryorptonve 6secods[ 22.125873] tsc: Refid C ocoue alraio 25.31MH
[[   22.890]losoce: scmak:xffffffff axyces0x39a8d,max_dlns4495401 n

[   2.93] di itializing netlink subsys (disabled)
[   22.689381] audit: type=2000 audit(1513171719.151:1): initialized
[   22.689572] Initialise system trusted keyring
[   22.689646] HugeTLB registered 2 MB page size, pre-allocated 0 pages
[   22.690672] zbud: loaded
[   22.690801] VFS: Disk quotas dquot_6.6.0
[   22.690823] VFS: Dquot-cache hash table entries: 512 (order 0, 4096 bytes)
[   22.690994] squashfs: version 4.0 (2009/01/31) Phillip Lougher
[   22.691142] fuse init (API version 7.23)
[   22.691223] Key type big_key registered
[   22.691236] Allocating IMA MOK and blacklist keyrings.
[   22.691379] Key type asymmetric registered
[   22.691384] Asymmetric key parser 'x509' registered
[   22.691409] Block layer SCSI generic (bsg) driver version 0.4 loaded (major 249)
[   22.691423] io scheduler noop registered
[   22.691425] io scheduler deadline registered (default)
[   22.691445] io scheduler cfq registered
[   22.691505] pci_hotplug: PCI Hot Plug PCI Core version: 0.5
[   22.691508] pciehp: PCI Express Hot Plug Controller Driver version: 0.4
[   22.691667] ACPI: AC Adapter [AC] (on-line)
[   22.691705] input: Power Button as /devices/LNXSYSTM:00/LNXPWRBN:00/input/input0
[   22.691707] ACPI: Power Button [PWRF]
[   22.691757] input: Sleep Button as /devices/LNXSYSTM:00/LNXSLPBN:00/input/input1
[   22.691758] ACPI: Sleep Button [SLPF]
[   22.691856] GHES: HEST is not enabled!
[   22.691922] Serial: 8250/16550 driver, 32 ports, IRQ sharing enabled
[   23.798074] 00:02: ttyS0 at I/O 0x3f8 (irq = 4, base_baud = 115200) is a 16550A
[   24.079459] Linux agpgart interface v0.103
[   24.128008] loop: module loaded
[   24.128429] scsi host0: ata_piix
[   24.128469] scsi host1: ata_piix
[   24.128492] ata1: PATA max UDMA/33 cmd 0x1f0 ctl 0x3f6 bmdma 0xd000 irq 14
[   24.128492] ata2: PATA max UDMA/33 cmd 0x170 ctl 0x376 bmdma 0xd008 irq 15
[   24.128549] libphy: Fixed MDIO Bus: probed
[   24.128552] tun: Universal TUN/TAP device driver, 1.6
[   24.128552] tun: (C) 1999-2004 Max Krasnyansky <maxk@qualcomm.com>
[   24.128863] PPP generic driver version 2.4.2
[   24.128917] ehci_hcd: USB 2.0 'Enhanced' Host Controller (EHCI) Driver
[   24.128921] ehci-pci: EHCI PCI platform driver
[   24.128934] ehci-platform: EHCI generic platform driver
[   24.128942] ohci_hcd: USB 1.1 'Open' Host Controller (OHCI) Driver
[   24.128945] ohci-pci: OHCI PCI platform driver
[   24.128953] ohci-platform: OHCI generic platform driver
[   24.128959] uhci_hcd: USB Universal Host Controller Interface driver
[   24.129008] i8042: PNP: PS/2 Controller [PNP0303:PS2K,PNP0f03:PS2M] at 0x60,0x64 irq 1,12
[   24.158570] serio: i8042 KBD port at 0x60,0x64 irq 1
[   24.158575] serio: i8042 AUX port at 0x60,0x64 irq 12
[   24.158671] mousedev: PS/2 mouse device common for all mice
[   24.158900] rtc_cmos rtc_cmos: rtc core: registered rtc_cmos as rtc0
[   24.158942] rtc_cmos rtc_cmos: alarms up to one day, 114 bytes nvram
[   24.158947] i2c /dev entries driver
[   24.158988] device-mapper: uevent: version 1.0.3
[   24.159028] device-mapper: ioctl: 4.34.0-ioctl (2015-10-28) initialised: dm-devel@redhat.com
[   24.159040] ledtrig-cpu: registered to indicate activity on CPUs
[   24.159232] NET: Registered protocol family 10
[   24.159341] NET: Registered protocol family 17
[   24.159354] Key type dns_resolver registered
[   24.221691] microcode: CPU0 sig=0x806e9, pf=0x8, revision=0x0
[   24.221995] microcode: CPU1 sig=0x806e9, pf=0x8, revision=0x0
[   24.222058] microcode: Microcode Update Driver: v2.01 <tigran@aivazian.fsnet.co.uk>, Peter Oruba
[   24.222181] registered taskstats version 1
[   24.222196] Loading compiled-in X.509 certificates
[   24.222740] Loaded X.509 cert 'Build time autogenerated kernel key: 6495e09daeacef0cade9c1ea2246b74b6c79cd53'
[   24.222756] zswap: loaded using pool lzo/zbud
[   24.224202] Key type trusted registered
[   24.225779] Key type encrypted registered
[   24.225783] AppArmor: AppArmor sha1 policy hashing enabled
[   24.225786] ima: No TPM chip found, activating TPM-bypass!
[   24.225798] evm: HMAC attrs: 0x1
[   24.226026]   Magic number: 13:318:483
[   24.252692] rtc_cmos rtc_cmos: setting system clock to 2017-12-13 13:28:53 UTC (1513171733)
[   24.252831] BIOS EDD facility v0.16 2004-Jun-25, 0 devices found
[   24.252832] EDD information not available.
[   24.449072] input: AT Translated Set 2 keyboard as /devices/platform/i8042/serio0/input/input2
[   26.236085] Freeing unused kernel memory: 1492K
[   26.249447] Write protecting the kernel read-only data: 14336k
[   26.260734] Freeing unused kernel memory: 1744K
[   26.288386] Freeing unused kernel memory: 108K
Loading, please [   26.318858] random: systemd-udevd: uninitialized urandom read (16 bytes read, 5 bits of entropy available)
wait...
startin[   26.319350] random: udevadm: uninitialized urandom read (16 bytes read, 5 bits of entropy available)
g version 229
[   26.319362] random: udevadm: uninitialized urandom read (16 bytes read, 5 bits of entropy available)
[   26.324682] random: udevadm: uninitialized urandom read (16 bytes read, 5 bits of entropy available)
[   26.324709] random: udevadm: uninitialized urandom read (16 bytes read, 5 bits of entropy available)
[   26.324816] random: udevadm: uninitialized urandom read (16 bytes read, 5 bits of entropy available)
[   26.324844] random: udevadm: uninitialized urandom read (16 bytes read, 5 bits of entropy available)
[   26.324873] random: udevadm: uninitialized urandom read (16 bytes read, 5 bits of entropy available)
[   26.324900] random: udevadm: uninitialized urandom read (16 bytes read, 5 bits of entropy available)
[   26.324925] random: udevadm: uninitialized urandom read (16 bytes read, 5 bits of entropy available)
[   26.911385] e1000: Intel(R) PRO/1000 Network Driver - version 7.3.21-k8-NAPI
[   26.972892] e1000: Copyright (c) 1999-2006 Intel Corporation.
[   27.003095] AVX2 version of gcm_enc/dec engaged.
[   27.006989] Fusion MPT base driver 3.04.20
[   27.006989] Copyright (c) 1999-2008 LSI Corporation
[   27.014243] AES CTR mode by8 optimization enabled
[   27.025073] Fusion MPT SPI Host driver 3.04.20
[   27.201232] input: ImExPS/2 Generic Explorer Mouse as /devices/platform/i8042/serio1/input/input4
[   27.418999] e1000 0000:00:03.0 eth0: (PCI:33MHz:32-bit) 02:15:29:52:b1:84
[   27.441061] e1000 0000:00:03.0 eth0: Intel(R) PRO/1000 Network Connection
[   27.794602] e1000 0000:00:08.0 eth1: (PCI:33MHz:32-bit) 08:00:27:ff:d5:4a
[   27.851819] e1000 0000:00:08.0 eth1: Intel(R) PRO/1000 Network Connection
[   27.927898] e1000 0000:00:03.0 enp0s3: renamed from eth0
[   27.953587] mptbase: ioc0: Initiating bringup
[   28.036459] e1000 0000:00:08.0 enp0s8: renamed from eth1
[   28.133236] ioc0: LSI53C1030 A0: Capabilities={Initiator}
[   28.327598] scsi host2: ioc0: LSI53C1030 A0, FwRev=00000000h, Ports=1, MaxQ=256, IRQ=20
[   28.541689] scsi 2:0:0:0: Direct-Access     VBOX     HARDDISK         1.0  PQ: 0 ANSI: 5
[   28.627759] scsi target2:0:0: Beginning Domain Validation
[   28.646366] scsi target2:0:0: Domain Validation skipping write tests
[   28.649325] scsi target2:0:0: Ending Domain Validation
[   28.661559] scsi target2:0:0: asynchronous
[   28.663196] scsi 2:0:1:0: Direct-Access     VBOX     HARDDISK         1.0  PQ: 0 ANSI: 5
[   28.787716] scsi target2:0:1: Beginning Domain Validation
[   28.865356] scsi target2:0:1: Domain Validation skipping write tests
[   28.964843] scsi target2:0:1: Ending Domain Validation
[   29.148674] scsi target2:0:1: asynchronous
[   29.258079] sd 2:0:0:0: [sda] 20971520 512-byte logical blocks: (10.7 GB/10.0 GiB)
[   29.292609] sd 2:0:0:0: Attached scsi generic sg0 type 0
[   29.312756] sd 2:0:0:0: [sda] Write Protect is off
[   29.313523] sd 2:0:1:0: Attached scsi generic sg1 type 0
[   29.313795] sd 2:0:1:0: [sdb] 20480 512-byte logical blocks: (10.5 MB/10.0 MiB)
[   29.314545] sd 2:0:1:0: [sdb] Write Protect is off
[   29.314642] sd 2:0:1:0: [sdb] Incomplete mode parameter data
[   29.314643] sd 2:0:1:0: [sdb] Assuming drive cache: write through
[   29.316189] sd 2:0:1:0: [sdb] Attached SCSI disk
[   29.349546] sd 2:0:0:0: [sda] Incomplete mode parameter data
[   29.350560] sd 2:0:0:0: [sda] Assuming drive cache: write through
[   29.393517]  sda: sda1
[   29.407492] sd 2:0:0:0: [sda] Attached SCSI disk
[   30.054859] floppy0: no floppy controllers found
Begin: Loading e[   31.985601] md: linear personality registered for level -1
ssential drivers ... [   32.169612] md: multipath personality registered for level -4
[   32.308819] md: raid0 personality registered for level 0
[   32.391619] md: raid1 personality registered for level 1
[   32.560302] raid6: sse2x1   gen()  6491 MB/s
[   32.640272] raid6: sse2x1   xor()  9041 MB/s
[   32.712455] raid6: sse2x2   gen() 14699 MB/s
[   32.796204] raid6: sse2x2   xor() 10165 MB/s
[   32.868218] raid6: sse2x4   gen() 16032 MB/s
[   32.952264] raid6: sse2x4   xor() 11215 MB/s
[   33.032456] raid6: avx2x1   gen() 23350 MB/s
[   33.108358] raid6: avx2x2   gen() 26183 MB/s
[   33.212385] raid6: avx2x4   gen() 30592 MB/s
[   33.246616] raid6: using algorithm avx2x4 gen() 30592 MB/s
[   33.247576] raid6: using avx2x2 recovery algorithm
[   33.294750] xor: automatically using best checksumming function:
[   33.420405]    avx       : 27823.000 MB/sec
[   33.543750] async_tx: api initialized (async)
[   33.594037] md: raid6 personality registered for level 6
[   33.598506] md: raid5 personality registered for level 5
[   33.662131] md: raid4 personality registered for level 4
[   33.713869] md: raid10 personality registered for level 10
done.
Begin: Running /scripts/init-p[   33.796568] Btrfs loaded
remount ... done.
Begin: Mounting root file system ... Begin: Running /scripts/local-top ... done.
Begin: Running /scripts/local-premount ... Scanning for Btr[   33.899904] EXT4-fs (sda1): mounted filesystem with ordered data mode. Opts: (null)
fs filesystems
done.
Warning: fsck not present, so skipping root file system
done.
Begin: Running /scripts/local-bottom ... done.
Begin: Running /scripts/init-bottom ... done.
[   34.213629] systemd[1]: systemd 229 running in system mode. (+PAM +AUDIT +SELINUX +IMA +APPARMOR +SMACK +SYSVINIT +UTMP +LIBCRYPTSETUP +GCRYPT +GNUTLS +ACL +XZ -LZ4 +SECCOMP +BLKID +ELFUTILS +KMOD -IDN)
[   34.498789] systemd[1]: Detected virtualization oracle.
[   34.528865] systemd[1]: Detected architecture x86-64.

Welcome to [1mUbuntu 16.04.3 LTS[0m!

[   34.621550] systemd[1]: Set hostname to <ubuntu-xenial>.
[   34.833370] systemd[1]: Listening on /dev/initctl Compatibility Named Pipe.
[[0;32m  OK  [0m] Listening on /dev/initctl Compatibility Named Pipe.
[   34.940936] systemd[1]: Listening on LVM2 poll daemon socket.
[[0;32m  OK  [0m] Listening on LVM2 poll daemon socket.
[   35.028772] systemd[1]: Started Trigger resolvconf update for networkd DNS.
[[0;32m  OK  [0m] Started Trigger resolvconf update for networkd DNS.
[   35.113373] systemd[1]: Reached target Swap.
[[0;32m  OK  [0m] Reached target Swap.
[   35.205503] systemd[1]: Listening on Journal Socket (/dev/log).
[[0;32m  OK  [0m] Listening on Journal Socket (/dev/log).
[   35.281716] systemd[1]: Listening on udev Kernel Socket.
[[0;32m  OK  [0m] Listening on udev Kernel Socket.
[   35.365484] systemd[1]: Reached target User and Group Name Lookups.
[[0;32m  OK  [0m] Reached target User and Group Name Lookups.
[   35.384696] systemd[1]: Created slice System Slice.
[[0;32m  OK  [0m] Created slice System Slice.
[   35.422189] systemd[1]: Created slice system-serial\x2dgetty.slice.
[[0;32m  OK  [0m] Created slice system-serial\x2dgetty.slice.
[   35.445543] systemd[1]: Reached target Encrypted Volumes.
[[0;32m  OK  [0m] Reached target Encrypted Volumes.
[   35.455028] systemd[1]: Listening on udev Control Socket.
[[0;32m  OK  [0m] Listening on udev Control Socket.
[   35.484563] systemd[1]: Listening on Syslog Socket.
[[0;32m  OK  [0m] Listening on Syslog Socket.
[   35.576809] systemd[1]: Started Forward Password Requests to Wall Directory Watch.
[[0;32m  OK  [0m] Started Forward Password Requests to Wall Directory Watch.
[   35.676862] systemd[1]: Listening on Journal Socket.
[[0;32m  OK  [0m] Listening on Journal Socket.
[   35.776385] systemd[1]: Mounting Debug File System...
         Mountin[   35.811539] random: nonblocking pool is initialized
g Debug File System...
[   35.832567] systemd[1]: Starting Nameserver information manager...
         Starting Nameserver information manager...
[   35.960867] systemd[1]: Starting Remount Root and Kernel File Systems...
[   35.967751] EXT4-fs (sda1): re-mounted. Opts: (null)
         Starting Remount Root and Kernel File Systems...
[   36.056545] systemd[1]: Starting Create list of required static device nodes for the current kernel...
         Starting Create list of required st... nodes for the current kernel...
[   36.121010] systemd[1]: Starting Set console keymap...
         Starting Set console keymap...
[   36.173319] systemd[1]: Starting Load Kernel Modules...
[   36.181691] Loading iSCSI transport class v2.0-870.
         Startin[   36.192284] iscsi: registered transport (tcp)
g Load Kernel Modules...
[   36.238352] systemd[1]: Set up automount Arbitrary Executable File Formats File System Automount Point.
[   36.224] cs rgierd transport (iser)
[[0;32m  OK  [0m] Set up automount Arbitrary Executab...ats File System Automount Point.
[   36.561096] systemd[1]: Starting Uncomplicated firewall...
         Starting Uncomplicated firewall...
[   36.737045] systemd[1]: Listening on Device-mapper event daemon FIFOs.
[[0;32m  OK  [0m] Listening on Device-mapper event daemon FIFOs.
[   36.840648] systemd[1]: Mounting POSIX Message Queue File System...
         Mounting POSIX Message Queue File System...
[   36.973254] systemd[1]: Listening on Journal Audit Socket.
[[0;32m  OK  [0m] Listening on Journal Audit Socket.
[   37.124582] systemd[1]: Starting Journal Service...
         Starting Journal Service...
[   37.197132] systemd[1]: Listening on LVM2 metadata daemon socket.
[[0;32m  OK  [0m] Listening on LVM2 metadata daemon socket.
[   37.288818] systemd[1]: Starting Monitoring of LVM2 mirrors, snapshots etc. using dmeventd or progress polling...
         Starting Monitoring of LVM2 mirrors... dmeventd or progress polling...
[   37.476440] systemd[1]: Created slice User and Session Slice.
[[0;32m  OK  [0m] Created slice User and Session Slice.
[   37.519159] systemd[1]: Reached target Slices.
[[0;32m  OK  [0m] Reached target Slices.
[   37.568591] systemd[1]: Mounting Huge Pages File System...
         Mounting Huge Pages File System...
[   37.674481] systemd[1]: Mounted Huge Pages File System.
[[0;32m  OK  [0m] Mounted Huge Pages File System.
[   37.813380] systemd[1]: Mounted POSIX Message Queue File System.
[[0;32m  OK  [0m] Mounted POSIX Message Queue File System.
[   37.885044] systemd[1]: Mounted Debug File System.
[[0;32m  OK  [0m] Mounted Debug File System.
[   37.925923] systemd[1]: Started Journal Service.
[[0;32m  OK  [0m] Started Journal Service.
[[0;32m  OK  [0m] Started Remount Root and Kernel File Systems.
[[0;32m  OK  [0m] Started Create list of required sta...ce nodes for the current kernel.
[[0;32m  OK  [0m] Started Set console keymap.
[[0;32m  OK  [0m] Started Load Kernel Modules.
[[0;32m  OK  [0m] Started Uncomplicated firewall.
[[0;32m  OK  [0m] Started Nameserver information manager.
[[0;32m  OK  [0m] Started LVM2 metadata daemon.
         Starting Apply Kernel Variables...
         Mounting FUSE Control File System...
         Starting Create Static Device Nodes in /dev...
         Starting Initial cloud-init job (pre-networking)...
         Starting udev Coldplug all Devices...
         Starting Load/Save Random Seed...
         Starting Flush Journal to Persistent Storage...
[[0;32m  OK  [0m] Mounted FUSE Control File System.
[[0;32m  OK  [0m] Started Apply Kernel Variables.
[[0;32m  OK  [0m] Started Create Static Device Nodes in /dev.
[[0;32m  OK  [0m] Started Load/Save Random Seed.
[[0;32m  OK  [0m] Started udev Coldplug all Devices.
[[0;32m  OK  [0m] Started Flush Journal to Persistent Storage.
[[0;32m  OK  [0m] Started Monitoring of LVM2 mirrors,...ng dmeventd or progress polling.
         Starting udev Kernel Device Manager...
[[0;32m  OK  [0m] Started udev Kernel Device Manager.
[[0;32m  OK  [0m] Started Dispatch Password Requests to Console Directory Watch.
[[0;32m  OK  [0m] Reached target Local File Systems (Pre).
[[0;32m  OK  [0m] Reached target Local File Systems.
         Starting Tell Plymouth To Write Out Runtime Data...
         Starting LSB: AppArmor initialization...
         Starting Set console font and keymap...
         Starting Create Volatile Files and Directories...
[[0;32m  OK  [0m] Started Tell Plymouth To Write Out Runtime Data.
[[0;32m  OK  [0m] Started Create Volatile Files and Directories.
[   21.520627] cloud-init[452]: Cloud-init v. 17.1 running 'init-local' at Wed, 13 Dec 2017 13:29:08 +0000. Up 21.14 seconds.
[[0;32m  OK  [0m] Started Initial cloud-init job (pre-networking).
[[0;32m  OK  [0m] Found device /dev/ttyS0.
[[0;32m  OK  [0m] Listening on Load/Save RF Kill Switch Status /dev/rfkill Watch.
[[0;32m  OK  [0m] Reached target Network (Pre).
         Starting Update UTMP about System Boot/Shutdown...
[[0;32m  OK  [0m] Reached target System Time Synchronized.
[[0;32m  OK  [0m] Started LSB: AppArmor initialization.
[[0;32m  OK  [0m] Started Set console font and keymap.
[[0;32m  OK  [0m] Created slice system-getty.slice.
[[0;32m  OK  [0m] Started ifup for enp0s8.
[[0;32m  OK  [0m] Started ifup for enp0s3.
         Starting Raise network interfaces...
[[0;32m  OK  [0m] Started Update UTMP about System Boot/Shutdown.
[[0;32m  OK  [0m] Started Raise network interfaces.
         Starting Initial cloud-init job (metadata service crawler)...
[[0;32m  OK  [0m] Reached target Network.
[   25.022886] cloud-init[1052]: Cloud-init v. 17.1 running 'init' at Wed, 13 Dec 2017 13:29:11 +0000. Up 24.67 seconds.
[   25.052497] cloud-init[1052]: ci-info: ++++++++++++++++++++++++++++++++++++++Net device info++++++++++++++++++++++++++++++++++++++
[   25.117305] [cloud-init[0;32m  OK  [0m[1052]: ] ci-info: +--------+------+-----------------------------+---------------+-------+-------------------+Started Initial cloud-init job (metadata service crawler).

[   25.159688] [[0;32m  OK  [0m] Reached target System Initialization.
cloud-init[1052]: ci-info: | Device |  Up  |           Address           |      Mask     | Scope |     Hw-Address    |
[   25.288363] [cloud-init[0;32m  OK  [0m[1052]: ] ci-info: +--------+------+-----------------------------+---------------+-------+-------------------+Started ACPI Events Check.

[   25.288833] [cloud-init[0;32m  OK  [0m[1052]: ] ci-info: | enp0s3 | True |          10.0.2.15          | 255.255.255.0 |   .   | 02:15:29:52:b1:84 |Reached target Paths.

[   25.478969] [cloud-init[0;32m  OK  [0m[1052]: ] ci-info: | enp0s3 | True |  fe80::15:29ff:fe52:b184/64 |       .       |  link | 02:15:29:52:b1:84 |Started Timer to automatically refresh installed snaps.

[[0;32m  OK  [0m] Started Daily Cleanup of Temporary Directories.
[[0;32m  OK  [0m] Listening on D-Bus System Message Bus Socket.
[   25.479460] cloud-init[1052]: ci-info: | enp0s8 | True |        192.168.33.10        | 255.255.255.0 |   .   | 08:00:27:ff:d5:4a |
         Starting Socket activation for snappy daemon.
[   25.872353] cloud-init[1052]: ci-info: | enp0s8 | True | fe80::a00:27ff:feff:d54a/64 |       .       |  link | 08:00:27:ff:d5:4a |
[   26.024763]          cloud-initStarting LXD - unix socket.[1052]: 
ci-info: |   lo   | True |          127.0.0.1          |   255.0.0.0   |   .   |         .         |
[   26.128644] [cloud-init[0;32m  OK  [0m[1052]: ] ci-info: |   lo   | True |           ::1/128           |       .       |  host |         .         |Listening on ACPID Listen Socket.

[[0;32m  OK  [0m] Listening on UUID daemon activation socket.
[[0;32m  OK  [0m] Reached target Cloud-config availability.
[[0;32m  OK  [0m] Reached target Network is Online.
[   26.129089] cloud-init[1052]: ci-info: +--------+------+-----------------------------+---------------+-------+-------------------+
[   26.177007] cloud-init[1052]: ci-info: ++++++++++++++++++++++++++++Route IPv4 info++++++++++++++++++++++++++++
[   26.196426]          cloud-initStarting iSCSI initiator daemon (iscsid)...[1052]: 
ci-info: +-------+--------------+----------+---------------+-----------+-------+
[   26.298391] [cloud-init[0;32m  OK  [0m[1052]: ] ci-info: | Route | Destination  | Gateway  |    Genmask    | Interface | Flags |Started Daily apt download activities.

[[0;32m  OK  [0m] Started Daily apt upgrade and clean activities.
[[0;32m  OK  [0m] Reached target Timers.
[   26.298809] cloud-init[1052]: ci-info: +-------+--------------+----------+---------------+-----------+-------+
[   26.422116] [cloud-init[0;32m  OK  [0m[1052]: ] ci-info: |   0   |   0.0.0.0    | 10.0.2.2 |    0.0.0.0    |   enp0s3  |   UG  |Listening on Socket activation for snappy daemon.

[[0;32m  OK  [0m] Listening on LXD - unix socket.
[   26.422490] cloud-init[1052]: ci-info: |   1   |   10.0.2.0   | 0.0.0.0  | 255.255.255.0 |   enp0s3  |   U   |
[   26.542401] cloud-init[1052]: ci-info: |   2   | 192.168.33.0 | 0.0.0.0  | 255.255.255.0 |   enp0s8  |   U   |
[   26.638705] cloud-init[1052]: ci-info: +-------+--------------+----------+---------------+-----------+-------+
[[0;32m  OK  [0m] Started iSCSI initiator daemon (iscsid).
         Starting Login to default iSCSI targets...
[[0;32m  OK  [0m] Reached target Sockets.
[[0;32m  OK  [0m] Reached target Basic System.
         Starting Apply the settings specified in cloud-config...
         Starting LSB: MD monitoring daemon...
[[0;32m  OK  [0m] Started FUSE filesystem for LXC.
         Starting OpenBSD Secure Shell server...
         Starting Snappy daemon...
         Starting Login Service...
         Starting /etc/rc.local Compatibility...
         Starting LXD - container startup/shutdown...
[[0;32m  OK  [0m] Started Deferred execution scheduler.
[[0;32m  OK  [0m] Started ACPI event daemon.
[[0;32m  OK  [0m] Started Unattended Upgrades Shutdown.
         Starting System Logging Service...
[[0;32m  OK  [0m] Started Regular background program processing daemon.
         Starting LSB: Record successful boot for GRUB...
[   27.547952] cloud-init[1111]: Cloud-init v. 17.1 running 'modules:config' at Wed, 13 Dec 2017 13:29:14 +0000. Up 27.33 seconds.
[[0;32m  OK  [0m] Started D-Bus System Message Bus.
         Starting Accounts Service...
[[0;32m  OK  [0m] Started OpenBSD Secure Shell server.
[[0;32m  OK  [0m] Started Snappy daemon.
[[0;32m  OK  [0m] Started System Logging Service.
[[0;32m  OK  [0m] Started Apply the settings specified in cloud-config.
[[0;32m  OK  [0m] Started /etc/rc.local Compatibility.
[[0;32m  OK  [0m] Started LXD - container startup/shutdown.
[[0;32m  OK  [0m] Started Login Service.
[[0;32m  OK  [0m] Started LSB: Record successful boot for GRUB.
[[0;32m  OK  [0m] Started Login to default iSCSI targets.
[[0;32m  OK  [0m] Reached target Remote File Systems (Pre).
[[0;32m  OK  [0m] Reached target Remote File Systems.
         Starting Permit User Sessions...
         Starting LSB: VirtualBox Linux Additions...
         Starting LSB: automatic crash report generation...
         Starting LSB: daemon to balance interrupts for SMP systems...
         Starting LSB: Set the CPU Frequency Scaling governor to "ondemand"...
         Starting Authenticate and Authorize Users to Run Privileged Tasks...
[[0;32m  OK  [0m] Started LSB: MD monitoring daemon.
[[0;32m  OK  [0m] Started Permit User Sessions.
[[0;32m  OK  [0m] Started Authenticate and Authorize Users to Run Privileged Tasks.
[[0;32m  OK  [0m] Started LSB: daemon to balance interrupts for SMP systems.
[[0;32m  OK  [0m] Started Accounts Service.
         Starting Terminate Plymouth Boot Screen...
         Starting Hold until boot process finishes up...
[[0;32m  OK  [0m] Started Terminate Plymouth Boot Screen.
[[0;32m  OK  [0m] Started LSB: Set the CPU Frequency Scaling governor to "ondemand".
[[0;32m  OK  [0m] Started LSB: VirtualBox Linux Additions.
[[0;32m  OK  [0m] Started LSB: automatic crash report generation.
[[0;32m  OK  [0m] Started Hold until boot process finishes up.
[[0;32m  OK  [0m] Created slice User Slice of ubuntu.
         Starting User Manager for UID 1000...
[[0;32m  OK  [0m] Started Session 1 of user ubuntu.
[[0;32m  OK  [0m] Started Serial Getty on ttyS0.
         Starting Set console scheme...
[[0;32m  OK  [0m] Started Getty on tty1.
[[0;32m  OK  [0m] Reached target Login Prompts.
[[0;32m  OK  [0m] Reached target Multi-User System.
[[0;32m  OK  [0m] Reached target Graphical Interface.
         Starting Execute cloud user/final scripts...
         Starting Update UTMP about System Runlevel Changes...
[[0;32m  OK  [0m] Started User Manager for UID 1000.
[[0;32m  OK  [0m] Started Set console scheme.
[[0;32m  OK  [0m] Started Update UTMP about System Runlevel Changes.
[   29.001397] cloud-init[1293]: Cloud-init v. 17.1 running 'modules:final' at Wed, 13 Dec 2017 13:29:16 +0000. Up 28.87 seconds.
[   29.009497] cloud-init[1293]: Cloud-init v. 17.1 finished at Wed, 13 Dec 2017 13:29:16 +0000. Datasource DataSourceNoCloud [seed=/dev/sdb][dsmode=net].  Up 28.99 seconds
[[0;32m  OK  [0m] Started Execute cloud user/final scripts.
[[0;32m  OK  [0m] Reached target Cloud-init target.

Ubuntu 16.04.3 LTS ubuntu-xenial ttyS0

ubuntu-xenial login: 